This is pdfTeX, Version 3.1415926-2.5-1.40.14 (TeX Live 2013/Debian) (format=pdflatex 2015.9.5)  29 OCT 2015 22:14
entering extended mode
 restricted \write18 enabled.
 %&-line parsing enabled.
**proposal_draft.tex
(./proposal_draft.tex
LaTeX2e <2011/06/27>
Babel <3.9h> and hyphenation patterns for 78 languages loaded.
(/usr/share/texlive/texmf-dist/tex/latex/base/article.cls
Document Class: article 2007/10/19 v1.4h Standard LaTeX document class
(/usr/share/texlive/texmf-dist/tex/latex/base/size12.clo
File: size12.clo 2007/10/19 v1.4h Standard LaTeX file (size option)
)
\c@part=\count79
\c@section=\count80
\c@subsection=\count81
\c@subsubsection=\count82
\c@paragraph=\count83
\c@subparagraph=\count84
\c@figure=\count85
\c@table=\count86
\abovecaptionskip=\skip41
\belowcaptionskip=\skip42
\bibindent=\dimen102
)
(/usr/share/texlive/texmf-dist/tex/latex/pdfpages/pdfpages.sty
Package: pdfpages 2013/08/25 v0.4v Insert pages of external PDF documents (AM)

(/usr/share/texlive/texmf-dist/tex/latex/base/ifthen.sty
Package: ifthen 2001/05/26 v1.1c Standard LaTeX ifthen package (DPC)
)
(/usr/share/texlive/texmf-dist/tex/latex/tools/calc.sty
Package: calc 2007/08/22 v4.3 Infix arithmetic (KKT,FJ)
\calc@Acount=\count87
\calc@Bcount=\count88
\calc@Adimen=\dimen103
\calc@Bdimen=\dimen104
\calc@Askip=\skip43
\calc@Bskip=\skip44
LaTeX Info: Redefining \setlength on input line 76.
LaTeX Info: Redefining \addtolength on input line 77.
\calc@Ccount=\count89
\calc@Cskip=\skip45
)
(/usr/share/texlive/texmf-dist/tex/latex/eso-pic/eso-pic.sty
Package: eso-pic 2013/10/06 v2.0d eso-pic (RN)

(/usr/share/texlive/texmf-dist/tex/generic/oberdiek/atbegshi.sty
Package: atbegshi 2011/10/05 v1.16 At begin shipout hook (HO)

(/usr/share/texlive/texmf-dist/tex/generic/oberdiek/infwarerr.sty
Package: infwarerr 2010/04/08 v1.3 Providing info/warning/error messages (HO)
)
(/usr/share/texlive/texmf-dist/tex/generic/oberdiek/ltxcmds.sty
Package: ltxcmds 2011/11/09 v1.22 LaTeX kernel commands for general use (HO)
)
(/usr/share/texlive/texmf-dist/tex/generic/oberdiek/ifpdf.sty
Package: ifpdf 2011/01/30 v2.3 Provides the ifpdf switch (HO)
Package ifpdf Info: pdfTeX in PDF mode is detected.
))
(/usr/share/texlive/texmf-dist/tex/latex/graphics/keyval.sty
Package: keyval 1999/03/16 v1.13 key=value parser (DPC)
\KV@toks@=\toks14
)
(/usr/share/texmf/tex/latex/xcolor/xcolor.sty
Package: xcolor 2007/01/21 v2.11 LaTeX color extensions (UK)

(/usr/share/texlive/texmf-dist/tex/latex/latexconfig/color.cfg
File: color.cfg 2007/01/18 v1.5 color configuration of teTeX/TeXLive
)
Package xcolor Info: Driver file: pdftex.def on input line 225.

(/usr/share/texlive/texmf-dist/tex/latex/pdftex-def/pdftex.def
File: pdftex.def 2011/05/27 v0.06d Graphics/color for pdfTeX
\Gread@gobject=\count90
)
Package xcolor Info: Model `cmy' substituted by `cmy0' on input line 1337.
Package xcolor Info: Model `hsb' substituted by `rgb' on input line 1341.
Package xcolor Info: Model `RGB' extended on input line 1353.
Package xcolor Info: Model `HTML' substituted by `rgb' on input line 1355.
Package xcolor Info: Model `Hsb' substituted by `hsb' on input line 1356.
Package xcolor Info: Model `tHsb' substituted by `hsb' on input line 1357.
Package xcolor Info: Model `HSB' substituted by `hsb' on input line 1358.
Package xcolor Info: Model `Gray' substituted by `gray' on input line 1359.
Package xcolor Info: Model `wave' substituted by `hsb' on input line 1360.
))
(/usr/share/texlive/texmf-dist/tex/latex/graphics/graphicx.sty
Package: graphicx 1999/02/16 v1.0f Enhanced LaTeX Graphics (DPC,SPQR)

(/usr/share/texlive/texmf-dist/tex/latex/graphics/graphics.sty
Package: graphics 2009/02/05 v1.0o Standard LaTeX Graphics (DPC,SPQR)

(/usr/share/texlive/texmf-dist/tex/latex/graphics/trig.sty
Package: trig 1999/03/16 v1.09 sin cos tan (DPC)
)
(/usr/share/texlive/texmf-dist/tex/latex/latexconfig/graphics.cfg
File: graphics.cfg 2010/04/23 v1.9 graphics configuration of TeX Live
)
Package graphics Info: Driver file: pdftex.def on input line 91.
)
\Gin@req@height=\dimen105
\Gin@req@width=\dimen106
)
(/usr/share/texlive/texmf-dist/tex/latex/pdfpages/pppdftex.def
File: pppdftex.def 2013/08/25 v0.4v Pdfpages driver for pdfTeX (AM)
)
\AM@pagebox=\box26
\AM@toc@title=\toks15
\c@AM@survey=\count91
\AM@templatesizebox=\box27
)
(./proposal_draft.aux)
\openout1 = `proposal_draft.aux'.

LaTeX Font Info:    Checking defaults for OML/cmm/m/it on input line 7.
LaTeX Font Info:    ... okay on input line 7.
LaTeX Font Info:    Checking defaults for T1/cmr/m/n on input line 7.
LaTeX Font Info:    ... okay on input line 7.
LaTeX Font Info:    Checking defaults for OT1/cmr/m/n on input line 7.
LaTeX Font Info:    ... okay on input line 7.
LaTeX Font Info:    Checking defaults for OMS/cmsy/m/n on input line 7.
LaTeX Font Info:    ... okay on input line 7.
LaTeX Font Info:    Checking defaults for OMX/cmex/m/n on input line 7.
LaTeX Font Info:    ... okay on input line 7.
LaTeX Font Info:    Checking defaults for U/cmr/m/n on input line 7.
LaTeX Font Info:    ... okay on input line 7.
\AtBeginShipoutBox=\box28

(/usr/share/texlive/texmf-dist/tex/context/base/supp-pdf.mkii
[Loading MPS to PDF converter (version 2006.09.02).]
\scratchcounter=\count92
\scratchdimen=\dimen107
\scratchbox=\box29
\nofMPsegments=\count93
\nofMParguments=\count94
\everyMPshowfont=\toks16
\MPscratchCnt=\count95
\MPscratchDim=\dimen108
\MPnumerator=\count96
\makeMPintoPDFobject=\count97
\everyMPtoPDFconversion=\toks17
) (/usr/share/texlive/texmf-dist/tex/generic/oberdiek/pdftexcmds.sty
Package: pdftexcmds 2011/11/29 v0.20 Utility functions of pdfTeX for LuaTeX (HO
)

(/usr/share/texlive/texmf-dist/tex/generic/oberdiek/ifluatex.sty
Package: ifluatex 2010/03/01 v1.3 Provides the ifluatex switch (HO)
Package ifluatex Info: LuaTeX not detected.
)
Package pdftexcmds Info: LuaTeX not detected.
Package pdftexcmds Info: \pdf@primitive is available.
Package pdftexcmds Info: \pdf@ifprimitive is available.
Package pdftexcmds Info: \pdfdraftmode found.
)
(/usr/share/texlive/texmf-dist/tex/latex/oberdiek/epstopdf-base.sty
Package: epstopdf-base 2010/02/09 v2.5 Base part for package epstopdf

(/usr/share/texlive/texmf-dist/tex/latex/oberdiek/grfext.sty
Package: grfext 2010/08/19 v1.1 Manage graphics extensions (HO)

(/usr/share/texlive/texmf-dist/tex/generic/oberdiek/kvdefinekeys.sty
Package: kvdefinekeys 2011/04/07 v1.3 Define keys (HO)
))
(/usr/share/texlive/texmf-dist/tex/latex/oberdiek/kvoptions.sty
Package: kvoptions 2011/06/30 v3.11 Key value format for package options (HO)

(/usr/share/texlive/texmf-dist/tex/generic/oberdiek/kvsetkeys.sty
Package: kvsetkeys 2012/04/25 v1.16 Key value parser (HO)

(/usr/share/texlive/texmf-dist/tex/generic/oberdiek/etexcmds.sty
Package: etexcmds 2011/02/16 v1.5 Avoid name clashes with e-TeX commands (HO)
Package etexcmds Info: Could not find \expanded.
(etexcmds)             That can mean that you are not using pdfTeX 1.50 or
(etexcmds)             that some package has redefined \expanded.
(etexcmds)             In the latter case, load this package earlier.
)))
Package grfext Info: Graphics extension search list:
(grfext)             [.png,.pdf,.jpg,.mps,.jpeg,.jbig2,.jb2,.PNG,.PDF,.JPG,.JPE
G,.JBIG2,.JB2,.eps]
(grfext)             \AppendGraphicsExtensions on input line 452.

(/usr/share/texlive/texmf-dist/tex/latex/latexconfig/epstopdf-sys.cfg
File: epstopdf-sys.cfg 2010/07/13 v1.3 Configuration of (r)epstopdf for TeX Liv
e
))
<titlepage.pdf, id=1, 597.50829pt x 845.0471pt>
File: titlepage.pdf Graphic file (type pdf)
 <use titlepage.pdf>
Package pdftex.def Info: titlepage.pdf used on input line 9.
(pdftex.def)             Requested size: 597.50682pt x 845.04504pt.
File: titlepage.pdf Graphic file (type pdf)

<use titlepage.pdf>
Package pdftex.def Info: titlepage.pdf used on input line 9.
(pdftex.def)             Requested size: 597.50682pt x 845.04504pt.
 <titlepage.pdf, id=4, page=1, 597.50829pt x 845.0471pt>
File: titlepage.pdf Graphic file (type pdf)

<use titlepage.pdf, page 1>
Package pdftex.def Info: titlepage.pdf, page1 used on input line 9.
(pdftex.def)             Requested size: 597.50682pt x 845.04504pt.
File: titlepage.pdf Graphic file (type pdf)
 <use titlepage.pdf, page 1>
Package pdftex.def Info: titlepage.pdf, page1 used on input line 9.
(pdftex.def)             Requested size: 597.53416pt x 845.08372pt.
File: titlepage.pdf Graphic file (type pdf)

<use titlepage.pdf, page 1>
Package pdftex.def Info: titlepage.pdf, page1 used on input line 9.
(pdftex.def)             Requested size: 597.53416pt x 845.08372pt.
File: titlepage.pdf Graphic file (type pdf)
 <use titlepage.pdf, page 1>
Package pdftex.def Info: titlepage.pdf, page1 used on input line 9.
(pdftex.def)             Requested size: 597.53416pt x 845.08372pt.
File: titlepage.pdf Graphic file (type pdf)

<use titlepage.pdf, page 1>
Package pdftex.def Info: titlepage.pdf, page1 used on input line 9.
(pdftex.def)             Requested size: 597.53416pt x 845.08372pt.
 [1

 <./titlepage.pdf{/var/lib/texmf/fonts/map/pdftex/updmap/pdftex.map}>] (./propo
sal_draft.toc
LaTeX Font Info:    External font `cmex10' loaded for size
(Font)              <12> on input line 4.
LaTeX Font Info:    External font `cmex10' loaded for size
(Font)              <8> on input line 4.
LaTeX Font Info:    External font `cmex10' loaded for size
(Font)              <6> on input line 4.
)
\tf@toc=\write3
\openout3 = `proposal_draft.toc'.

 [1]
<remote-pc-controller-organogram.pdf, id=26, 412.54124pt x 484.81125pt>
File: remote-pc-controller-organogram.pdf Graphic file (type pdf)

<use remote-pc-controller-organogram.pdf>
Package pdftex.def Info: remote-pc-controller-organogram.pdf used on input line
 41.
(pdftex.def)             Requested size: 330.03345pt x 387.84952pt.

Underfull \hbox (badness 10000) in paragraph at lines 33--48

 []


Underfull \hbox (badness 10000) in paragraph at lines 33--48

 []


Underfull \hbox (badness 10000) in paragraph at lines 33--48

 []


Underfull \hbox (badness 10000) in paragraph at lines 33--48

 []


Underfull \hbox (badness 10000) in paragraph at lines 33--48

 []


LaTeX Warning: `!h' float specifier changed to `!ht'.

[1] <remote-pc-controller-usecase.pdf, id=30, 384.43625pt x 340.27126pt>
File: remote-pc-controller-usecase.pdf Graphic file (type pdf)

<use remote-pc-controller-usecase.pdf>
Package pdftex.def Info: remote-pc-controller-usecase.pdf used on input line 53
.
(pdftex.def)             Requested size: 384.4353pt x 340.27042pt.
 [2 <./remote-pc-controller-organogram.pdf>] [3 <./remote-pc-controller-usecase
.pdf>]
<remote-pc-controller-workflow.pdf, id=43, 402.50375pt x 312.16624pt>
File: remote-pc-controller-workflow.pdf Graphic file (type pdf)

<use remote-pc-controller-workflow.pdf>
Package pdftex.def Info: remote-pc-controller-workflow.pdf used on input line 6
3.
(pdftex.def)             Requested size: 362.25002pt x 280.94702pt.
 [4 <./remote-pc-controller-workflow.pdf>] <home.pdf, id=78, 333.88742pt x 489.
9906pt>
File: home.pdf Graphic file (type pdf)
 <use home.pdf>
Package pdftex.def Info: home.pdf used on input line 81.
(pdftex.def)             Requested size: 250.41495pt x 367.49203pt.

<incoming.pdf, id=79, 336.77818pt x 251.4996pt>
File: incoming.pdf Graphic file (type pdf)
 <use incoming.pdf>
Package pdftex.def Info: incoming.pdf used on input line 90.
(pdftex.def)             Requested size: 252.58301pt x 188.62422pt.
 [5 <./home.pdf>] <connecting.pdf, id=91, 370.02242pt x 166.22101pt>
File: connecting.pdf Graphic file (type pdf)
 <use connecting.pdf>
Package pdftex.def Info: connecting.pdf used on input line 99.
(pdftex.def)             Requested size: 277.51611pt x 124.66544pt.

[6 <./incoming.pdf> <./connecting.pdf

pdfTeX warning: pdflatex (file ./connecting.pdf): PDF inclusion: multiple pdfs 
with page group included in a single page
>] <oops.pdf, id=108, 365.6862pt x 163.3302pt>
File: oops.pdf Graphic file (type pdf)
 <use oops.pdf>
Package pdftex.def Info: oops.pdf used on input line 110.
(pdftex.def)             Requested size: 274.26398pt x 122.49733pt.

<denied.pdf, id=109, 370.02242pt x 164.7756pt>
File: denied.pdf Graphic file (type pdf)
 <use denied.pdf>
Package pdftex.def Info: denied.pdf used on input line 119.
(pdftex.def)             Requested size: 277.51611pt x 123.58138pt.
 [7 <./oops.pdf> <./denied.pdf

pdfTeX warning: pdflatex (file ./denied.pdf): PDF inclusion: multiple pdfs with
 page group included in a single page
>] <current.pdf, id=126, 335.33278pt x 211.02841pt>
File: current.pdf Graphic file (type pdf)
 <use current.pdf>
Package pdftex.def Info: current.pdf used on input line 130.
(pdftex.def)             Requested size: 251.49896pt x 158.27092pt.
 [8 <./current.pdf>] [9] (./proposal_draft.aux) ) 
Here is how much of TeX's memory you used:
 2782 strings out of 493304
 40021 string characters out of 6139872
 105335 words of memory out of 5000000
 6212 multiletter control sequences out of 15000+600000
 8178 words of font info for 29 fonts, out of 8000000 for 9000
 957 hyphenation exceptions out of 8191
 39i,18n,45p,752b,411s stack positions out of 5000i,500n,10000p,200000b,80000s
</usr/share/texlive/texmf-dist
/fonts/type1/public/amsfonts/cm/cmss12.pfb></usr/share/texlive/texmf-dist/fonts
/type1/public/amsfonts/cm/cmss17.pfb></usr/share/texlive/texmf-dist/fonts/type1
/public/amsfonts/cm/cmssbx10.pfb>
Output written on proposal_draft.pdf (11 pages, 367809 bytes).
PDF statistics:
 149 PDF objects out of 1000 (max. 8388607)
 93 compressed objects within 1 object stream
 0 named destinations out of 1000 (max. 500000)
 66 words of extra memory for PDF output out of 10000 (max. 10000000)

